0 verbose cli /usr/bin/node /usr/bin/npm
1 info using npm@10.9.4
2 info using node@v22.21.0
3 silly config load:file:/usr/lib/node_modules/npm/npmrc
4 silly config load:file:/mnt/c/Users/Alli/dual-dash/web/.npmrc
5 silly config load:file:/home/allynnae/.npmrc
6 silly config load:file:/usr/etc/npmrc
7 verbose title npm install
8 verbose argv "install"
9 verbose logfile logs-max:10 dir:/mnt/c/Users/Alli/dual-dash/web/C:\Users\Alli\dual-dash\.npm-cache/_logs/2026-04-11T04_53_32_410Z-
10 verbose logfile /mnt/c/Users/Alli/dual-dash/web/C:\Users\Alli\dual-dash\.npm-cache/_logs/2026-04-11T04_53_32_410Z-debug-0.log
11 silly logfile start cleaning logs, removing 1 files
12 silly packumentCache heap:4345298944 maxSize:1086324736 maxEntrySize:543162368
13 silly logfile done cleaning log files
14 silly idealTree buildDeps
15 silly reify moves {}
16 silly audit bulk request {
16 silly audit   '@alloc/quick-lru': [ '5.2.0' ],
16 silly audit   '@babel/code-frame': [ '7.29.0' ],
16 silly audit   '@babel/compat-data': [ '7.29.0' ],
16 silly audit   '@babel/core': [ '7.29.0' ],
16 silly audit   '@babel/generator': [ '7.29.1' ],
16 silly audit   '@babel/helper-compilation-targets': [ '7.28.6' ],
16 silly audit   '@babel/helper-globals': [ '7.28.0' ],
16 silly audit   '@babel/helper-module-imports': [ '7.28.6' ],
16 silly audit   '@babel/helper-module-transforms': [ '7.28.6' ],
16 silly audit   '@babel/helper-plugin-utils': [ '7.28.6' ],
16 silly audit   '@babel/helper-string-parser': [ '7.27.1' ],
16 silly audit   '@babel/helper-validator-identifier': [ '7.28.5' ],
16 silly audit   '@babel/helper-validator-option': [ '7.27.1' ],
16 silly audit   '@babel/helpers': [ '7.29.2' ],
16 silly audit   '@babel/parser': [ '7.29.2' ],
16 silly audit   '@babel/plugin-transform-react-jsx-self': [ '7.27.1' ],
16 silly audit   '@babel/plugin-transform-react-jsx-source': [ '7.27.1' ],
16 silly audit   '@babel/template': [ '7.28.6' ],
16 silly audit   '@babel/traverse': [ '7.29.0' ],
16 silly audit   '@babel/types': [ '7.29.0' ],
16 silly audit   '@eslint-community/eslint-utils': [ '4.9.1' ],
16 silly audit   'eslint-visitor-keys': [ '3.4.3', '4.2.1' ],
16 silly audit   '@eslint-community/regexpp': [ '4.12.2' ],
16 silly audit   '@eslint/config-array': [ '0.21.2' ],
16 silly audit   '@eslint/config-helpers': [ '0.4.2' ],
16 silly audit   '@eslint/core': [ '0.17.0' ],
16 silly audit   '@eslint/eslintrc': [ '3.3.5' ],
16 silly audit   '@eslint/js': [ '9.39.4' ],
16 silly audit   '@eslint/object-schema': [ '2.1.7' ],
16 silly audit   '@eslint/plugin-kit': [ '0.4.1' ],
16 silly audit   '@humanfs/core': [ '0.19.1' ],
16 silly audit   '@humanfs/node': [ '0.16.7' ],
16 silly audit   '@humanwhocodes/module-importer': [ '1.0.1' ],
16 silly audit   '@humanwhocodes/retry': [ '0.4.3' ],
16 silly audit   '@jridgewell/gen-mapping': [ '0.3.13' ],
16 silly audit   '@jridgewell/remapping': [ '2.3.5' ],
16 silly audit   '@jridgewell/resolve-uri': [ '3.1.2' ],
16 silly audit   '@jridgewell/sourcemap-codec': [ '1.5.5' ],
16 silly audit   '@jridgewell/trace-mapping': [ '0.3.31' ],
16 silly audit   '@mediapipe/tasks-vision': [ '0.10.34' ],
16 silly audit   '@nodelib/fs.scandir': [ '2.1.5' ],
16 silly audit   '@nodelib/fs.stat': [ '2.0.5' ],
16 silly audit   '@nodelib/fs.walk': [ '1.2.8' ],
16 silly audit   '@rolldown/pluginutils': [ '1.0.0-beta.27' ],
16 silly audit   '@rollup/rollup-android-arm-eabi': [ '4.60.1' ],
16 silly audit   '@rollup/rollup-android-arm64': [ '4.60.1' ],
16 silly audit   '@rollup/rollup-darwin-arm64': [ '4.60.1' ],
16 silly audit   '@rollup/rollup-darwin-x64': [ '4.60.1' ],
16 silly audit   '@rollup/rollup-freebsd-arm64': [ '4.60.1' ],
16 silly audit   '@rollup/rollup-freebsd-x64': [ '4.60.1' ],
16 silly audit   '@rollup/rollup-linux-arm-gnueabihf': [ '4.60.1' ],
16 silly audit   '@rollup/rollup-linux-arm-musleabihf': [ '4.60.1' ],
16 silly audit   '@rollup/rollup-linux-arm64-gnu': [ '4.60.1' ],
16 silly audit   '@rollup/rollup-linux-arm64-musl': [ '4.60.1' ],
16 silly audit   '@rollup/rollup-linux-loong64-gnu': [ '4.60.1' ],
16 silly audit   '@rollup/rollup-linux-loong64-musl': [ '4.60.1' ],
16 silly audit   '@rollup/rollup-linux-ppc64-gnu': [ '4.60.1' ],
16 silly audit   '@rollup/rollup-linux-ppc64-musl': [ '4.60.1' ],
16 silly audit   '@rollup/rollup-linux-riscv64-gnu': [ '4.60.1' ],
16 silly audit   '@rollup/rollup-linux-riscv64-musl': [ '4.60.1' ],
16 silly audit   '@rollup/rollup-linux-s390x-gnu': [ '4.60.1' ],
16 silly audit   '@rollup/rollup-linux-x64-gnu': [ '4.60.1' ],
16 silly audit   '@rollup/rollup-linux-x64-musl': [ '4.60.1' ],
16 silly audit   '@rollup/rollup-openbsd-x64': [ '4.60.1' ],
16 silly audit   '@rollup/rollup-openharmony-arm64': [ '4.60.1' ],
16 silly audit   '@rollup/rollup-win32-arm64-msvc': [ '4.60.1' ],
16 silly audit   '@rollup/rollup-win32-ia32-msvc': [ '4.60.1' ],
16 silly audit   '@rollup/rollup-win32-x64-gnu': [ '4.60.1' ],
16 silly audit   '@rollup/rollup-win32-x64-msvc': [ '4.60.1' ],
16 silly audit   '@types/babel__core': [ '7.20.5' ],
16 silly audit   '@types/babel__generator': [ '7.27.0' ],
16 silly audit   '@types/babel__template': [ '7.4.4' ],
16 silly audit   '@types/babel__traverse': [ '7.28.0' ],
16 silly audit   '@types/estree': [ '1.0.8' ],
16 silly audit   '@types/json-schema': [ '7.0.15' ],
16 silly audit   '@types/prop-types': [ '15.7.15' ],
16 silly audit   '@types/react': [ '18.3.28' ],
16 silly audit   '@types/react-dom': [ '18.3.7' ],
16 silly audit   '@vitejs/plugin-react': [ '4.7.0' ],
16 silly audit   acorn: [ '8.16.0' ],
16 silly audit   'acorn-jsx': [ '5.3.2' ],
16 silly audit   ajv: [ '6.14.0' ],
16 silly audit   'ansi-styles': [ '4.3.0' ],
16 silly audit   'any-promise': [ '1.3.0' ],
16 silly audit   anymatch: [ '3.1.3' ],
16 silly audit   arg: [ '5.0.2' ],
16 silly audit   argparse: [ '2.0.1' ],
16 silly audit   autoprefixer: [ '10.4.27' ],
16 silly audit   'balanced-match': [ '1.0.2' ],
16 silly audit   'baseline-browser-mapping': [ '2.10.17' ],
16 silly audit   'binary-extensions': [ '2.3.0' ],
16 silly audit   'brace-expansion': [ '1.1.13' ],
16 silly audit   braces: [ '3.0.3' ],
16 silly audit   browserslist: [ '4.28.2' ],
16 silly audit   callsites: [ '3.1.0' ],
16 silly audit   'camelcase-css': [ '2.0.1' ],
16 silly audit   'caniuse-lite': [ '1.0.30001787' ],
16 silly audit   chalk: [ '4.1.2' ],
16 silly audit   chokidar: [ '3.6.0' ],
16 silly audit   'glob-parent': [ '5.1.2', '6.0.2' ],
16 silly audit   'color-convert': [ '2.0.1' ],
16 silly audit   'color-name': [ '1.1.4' ],
16 silly audit   commander: [ '4.1.1' ],
16 silly audit   'concat-map': [ '0.0.1' ],
16 silly audit   'convert-source-map': [ '2.0.0' ],
16 silly audit   'cross-spawn': [ '7.0.6' ],
16 silly audit   cssesc: [ '3.0.0' ],
16 silly audit   csstype: [ '3.2.3' ],
16 silly audit   debug: [ '4.4.3' ],
16 silly audit   'deep-is': [ '0.1.4' ],
16 silly audit   didyoumean: [ '1.2.2' ],
16 silly audit   dlv: [ '1.1.3' ],
16 silly audit   'electron-to-chromium': [ '1.5.335' ],
16 silly audit   'esbuild-wasm': [ '0.21.5' ],
16 silly audit   escalade: [ '3.2.0' ],
16 silly audit   'escape-string-regexp': [ '4.0.0' ],
16 silly audit   eslint: [ '9.39.4' ],
16 silly audit   'eslint-plugin-react-hooks': [ '5.2.0' ],
16 silly audit   'eslint-plugin-react-refresh': [ '0.4.26' ],
16 silly audit   'eslint-scope': [ '8.4.0' ],
16 silly audit   espree: [ '10.4.0' ],
16 silly audit   esquery: [ '1.7.0' ],
16 silly audit   esrecurse: [ '4.3.0' ],
16 silly audit   estraverse: [ '5.3.0' ],
16 silly audit   esutils: [ '2.0.3' ],
16 silly audit   eventemitter3: [ '5.0.4' ],
16 silly audit   'fast-deep-equal': [ '3.1.3' ],
16 silly audit   'fast-glob': [ '3.3.3' ],
16 silly audit   'fast-json-stable-stringify': [ '2.1.0' ],
16 silly audit   'fast-levenshtein': [ '2.0.6' ],
16 silly audit   fastq: [ '1.20.1' ],
16 silly audit   'file-entry-cache': [ '8.0.0' ],
16 silly audit   'fill-range': [ '7.1.1' ],
16 silly audit   'find-up': [ '5.0.0' ],
16 silly audit   'flat-cache': [ '4.0.1' ],
16 silly audit   flatted: [ '3.4.2' ],
16 silly audit   'fraction.js': [ '5.3.4' ],
16 silly audit   'framer-motion': [ '11.18.2' ],
16 silly audit   fsevents: [ '2.3.3' ],
16 silly audit   'function-bind': [ '1.1.2' ],
16 silly audit   gensync: [ '1.0.0-beta.2' ],
16 silly audit   globals: [ '14.0.0' ],
16 silly audit   'has-flag': [ '4.0.0' ],
16 silly audit   hasown: [ '2.0.2' ],
16 silly audit   ignore: [ '5.3.2' ],
16 silly audit   'import-fresh': [ '3.3.1' ],
16 silly audit   imurmurhash: [ '0.1.4' ],
16 silly audit   'is-binary-path': [ '2.1.0' ],
16 silly audit   'is-core-module': [ '2.16.1' ],
16 silly audit   'is-extglob': [ '2.1.1' ],
16 silly audit   'is-glob': [ '4.0.3' ],
16 silly audit   'is-number': [ '7.0.0' ],
16 silly audit   isexe: [ '2.0.0' ],
16 silly audit   jiti: [ '1.21.7' ],
16 silly audit   'js-tokens': [ '4.0.0' ],
16 silly audit   'js-yaml': [ '4.1.1' ],
16 silly audit   jsesc: [ '3.1.0' ],
16 silly audit   'json-buffer': [ '3.0.1' ],
16 silly audit   'json-schema-traverse': [ '0.4.1' ],
16 silly audit   'json-stable-stringify-without-jsonify': [ '1.0.1' ],
16 silly audit   json5: [ '2.2.3' ],
16 silly audit   keyv: [ '4.5.4' ],
16 silly audit   levn: [ '0.4.1' ],
16 silly audit   lilconfig: [ '3.1.3' ],
16 silly audit   'lines-and-columns': [ '1.2.4' ],
16 silly audit   'locate-path': [ '6.0.0' ],
16 silly audit   'lodash.merge': [ '4.6.2' ],
16 silly audit   'loose-envify': [ '1.4.0' ],
16 silly audit   'lru-cache': [ '5.1.1' ],
16 silly audit   merge2: [ '1.4.1' ],
16 silly audit   micromatch: [ '4.0.8' ],
16 silly audit   minimatch: [ '3.1.5' ],
16 silly audit   'motion-dom': [ '11.18.1' ],
16 silly audit   'motion-utils': [ '11.18.1' ],
16 silly audit   ms: [ '2.1.3' ],
16 silly audit   mz: [ '2.7.0' ],
16 silly audit   nanoid: [ '3.3.11' ],
16 silly audit   'natural-compare': [ '1.4.0' ],
16 silly audit   'node-releases': [ '2.0.37' ],
16 silly audit   'normalize-path': [ '3.0.0' ],
16 silly audit   'object-assign': [ '4.1.1' ],
16 silly audit   'object-hash': [ '3.0.0' ],
16 silly audit   optionator: [ '0.9.4' ],
16 silly audit   'p-limit': [ '3.1.0' ],
16 silly audit   'p-locate': [ '5.0.0' ],
16 silly audit   'parent-module': [ '1.0.1' ],
16 silly audit   'path-exists': [ '4.0.0' ],
16 silly audit   'path-key': [ '3.1.1' ],
16 silly audit   'path-parse': [ '1.0.7' ],
16 silly audit   phaser: [ '3.90.0' ],
16 silly audit   picocolors: [ '1.1.1' ],
16 silly audit   picomatch: [ '2.3.2', '4.0.4' ],
16 silly audit   pify: [ '2.3.0' ],
16 silly audit   pirates: [ '4.0.7' ],
16 silly audit   postcss: [ '8.5.9' ],
16 silly audit   'postcss-import': [ '15.1.0' ],
16 silly audit   'postcss-js': [ '4.1.0' ],
16 silly audit   'postcss-load-config': [ '6.0.1' ],
16 silly audit   'postcss-nested': [ '6.2.0' ],
16 silly audit   'postcss-selector-parser': [ '6.1.2' ],
16 silly audit   'postcss-value-parser': [ '4.2.0' ],
16 silly audit   'prelude-ls': [ '1.2.1' ],
16 silly audit   punycode: [ '2.3.1' ],
16 silly audit   'queue-microtask': [ '1.2.3' ],
16 silly audit   react: [ '18.3.1' ],
16 silly audit   'react-dom': [ '18.3.1' ],
16 silly audit   'react-refresh': [ '0.17.0' ],
16 silly audit   'read-cache': [ '1.0.0' ],
16 silly audit   readdirp: [ '3.6.0' ],
16 silly audit   resolve: [ '1.22.11' ],
16 silly audit   'resolve-from': [ '4.0.0' ],
16 silly audit   reusify: [ '1.1.0' ],
16 silly audit   rollup: [ '4.60.1' ],
16 silly audit   'run-parallel': [ '1.2.0' ],
16 silly audit   scheduler: [ '0.23.2' ],
16 silly audit   semver: [ '6.3.1' ],
16 silly audit   'shebang-command': [ '2.0.0' ],
16 silly audit   'shebang-regex': [ '3.0.0' ],
16 silly audit   'source-map-js': [ '1.2.1' ],
16 silly audit   'strip-json-comments': [ '3.1.1' ],
16 silly audit   sucrase: [ '3.35.1' ],
16 silly audit   'supports-color': [ '7.2.0' ],
16 silly audit   'supports-preserve-symlinks-flag': [ '1.0.0' ],
16 silly audit   tailwindcss: [ '3.4.19' ],
16 silly audit   'tailwindcss-animate': [ '1.0.7' ],
16 silly audit   thenify: [ '3.3.1' ],
16 silly audit   'thenify-all': [ '1.6.0' ],
16 silly audit   tinyglobby: [ '0.2.16' ],
16 silly audit   fdir: [ '6.5.0' ],
16 silly audit   'to-regex-range': [ '5.0.1' ],
16 silly audit   'ts-interface-checker': [ '0.1.13' ],
16 silly audit   tslib: [ '2.8.1' ],
16 silly audit   'type-check': [ '0.4.0' ],
16 silly audit   typescript: [ '5.9.3' ],
16 silly audit   'update-browserslist-db': [ '1.2.3' ],
16 silly audit   'uri-js': [ '4.4.1' ],
16 silly audit   'use-sync-external-store': [ '1.6.0' ],
16 silly audit   'util-deprecate': [ '1.0.2' ],
16 silly audit   vite: [ '5.4.21' ],
16 silly audit   which: [ '2.0.2' ],
16 silly audit   'word-wrap': [ '1.2.5' ],
16 silly audit   yallist: [ '3.1.1' ],
16 silly audit   'yocto-queue': [ '0.1.0' ],
16 silly audit   zustand: [ '4.5.7' ]
16 silly audit }
17 verbose reify failed optional dependency /mnt/c/Users/Alli/dual-dash/web/node_modules/fsevents
18 silly reify mark deleted [ '/mnt/c/Users/Alli/dual-dash/web/node_modules/fsevents' ]
19 verbose reify failed optional dependency /mnt/c/Users/Alli/dual-dash/web/node_modules/@rollup/rollup-win32-x64-msvc
20 silly reify mark deleted [
20 silly reify   '/mnt/c/Users/Alli/dual-dash/web/node_modules/@rollup/rollup-win32-x64-msvc'
20 silly reify ]
21 verbose reify failed optional dependency /mnt/c/Users/Alli/dual-dash/web/node_modules/@rollup/rollup-win32-x64-gnu
22 silly reify mark deleted [
22 silly reify   '/mnt/c/Users/Alli/dual-dash/web/node_modules/@rollup/rollup-win32-x64-gnu'
22 silly reify ]
23 verbose reify failed optional dependency /mnt/c/Users/Alli/dual-dash/web/node_modules/@rollup/rollup-win32-ia32-msvc
24 silly reify mark deleted [
24 silly reify   '/mnt/c/Users/Alli/dual-dash/web/node_modules/@rollup/rollup-win32-ia32-msvc'
24 silly reify ]
25 verbose reify failed optional dependency /mnt/c/Users/Alli/dual-dash/web/node_modules/@rollup/rollup-win32-arm64-msvc
26 silly reify mark deleted [
26 silly reify   '/mnt/c/Users/Alli/dual-dash/web/node_modules/@rollup/rollup-win32-arm64-msvc'
26 silly reify ]
27 verbose reify failed optional dependency /mnt/c/Users/Alli/dual-dash/web/node_modules/@rollup/rollup-openharmony-arm64
28 silly reify mark deleted [
28 silly reify   '/mnt/c/Users/Alli/dual-dash/web/node_modules/@rollup/rollup-openharmony-arm64'
28 silly reify ]
29 verbose reify failed optional dependency /mnt/c/Users/Alli/dual-dash/web/node_modules/@rollup/rollup-openbsd-x64
30 silly reify mark deleted [
30 silly reify   '/mnt/c/Users/Alli/dual-dash/web/node_modules/@rollup/rollup-openbsd-x64'
30 silly reify ]
31 verbose reify failed optional dependency /mnt/c/Users/Alli/dual-dash/web/node_modules/@rollup/rollup-linux-s390x-gnu
32 silly reify mark deleted [
32 silly reify   '/mnt/c/Users/Alli/dual-dash/web/node_modules/@rollup/rollup-linux-s390x-gnu'
32 silly reify ]
33 verbose reify failed optional dependency /mnt/c/Users/Alli/dual-dash/web/node_modules/@rollup/rollup-linux-riscv64-musl
34 silly reify mark deleted [
34 silly reify   '/mnt/c/Users/Alli/dual-dash/web/node_modules/@rollup/rollup-linux-riscv64-musl'
34 silly reify ]
35 verbose reify failed optional dependency /mnt/c/Users/Alli/dual-dash/web/node_modules/@rollup/rollup-linux-riscv64-gnu
36 silly reify mark deleted [
36 silly reify   '/mnt/c/Users/Alli/dual-dash/web/node_modules/@rollup/rollup-linux-riscv64-gnu'
36 silly reify ]
37 verbose reify failed optional dependency /mnt/c/Users/Alli/dual-dash/web/node_modules/@rollup/rollup-linux-ppc64-musl
38 silly reify mark deleted [
38 silly reify   '/mnt/c/Users/Alli/dual-dash/web/node_modules/@rollup/rollup-linux-ppc64-musl'
38 silly reify ]
39 verbose reify failed optional dependency /mnt/c/Users/Alli/dual-dash/web/node_modules/@rollup/rollup-linux-ppc64-gnu
40 silly reify mark deleted [
40 silly reify   '/mnt/c/Users/Alli/dual-dash/web/node_modules/@rollup/rollup-linux-ppc64-gnu'
40 silly reify ]
41 verbose reify failed optional dependency /mnt/c/Users/Alli/dual-dash/web/node_modules/@rollup/rollup-linux-loong64-musl
42 silly reify mark deleted [
42 silly reify   '/mnt/c/Users/Alli/dual-dash/web/node_modules/@rollup/rollup-linux-loong64-musl'
42 silly reify ]
43 verbose reify failed optional dependency /mnt/c/Users/Alli/dual-dash/web/node_modules/@rollup/rollup-linux-loong64-gnu
44 silly reify mark deleted [
44 silly reify   '/mnt/c/Users/Alli/dual-dash/web/node_modules/@rollup/rollup-linux-loong64-gnu'
44 silly reify ]
45 verbose reify failed optional dependency /mnt/c/Users/Alli/dual-dash/web/node_modules/@rollup/rollup-linux-arm64-musl
46 silly reify mark deleted [
46 silly reify   '/mnt/c/Users/Alli/dual-dash/web/node_modules/@rollup/rollup-linux-arm64-musl'
46 silly reify ]
47 verbose reify failed optional dependency /mnt/c/Users/Alli/dual-dash/web/node_modules/@rollup/rollup-linux-arm64-gnu
48 silly reify mark deleted [
48 silly reify   '/mnt/c/Users/Alli/dual-dash/web/node_modules/@rollup/rollup-linux-arm64-gnu'
48 silly reify ]
49 verbose reify failed optional dependency /mnt/c/Users/Alli/dual-dash/web/node_modules/@rollup/rollup-linux-arm-musleabihf
50 silly reify mark deleted [
50 silly reify   '/mnt/c/Users/Alli/dual-dash/web/node_modules/@rollup/rollup-linux-arm-musleabihf'
50 silly reify ]
51 verbose reify failed optional dependency /mnt/c/Users/Alli/dual-dash/web/node_modules/@rollup/rollup-linux-arm-gnueabihf
52 silly reify mark deleted [
52 silly reify   '/mnt/c/Users/Alli/dual-dash/web/node_modules/@rollup/rollup-linux-arm-gnueabihf'
52 silly reify ]
53 verbose reify failed optional dependency /mnt/c/Users/Alli/dual-dash/web/node_modules/@rollup/rollup-freebsd-x64
54 silly reify mark deleted [
54 silly reify   '/mnt/c/Users/Alli/dual-dash/web/node_modules/@rollup/rollup-freebsd-x64'
54 silly reify ]
55 verbose reify failed optional dependency /mnt/c/Users/Alli/dual-dash/web/node_modules/@rollup/rollup-freebsd-arm64
56 silly reify mark deleted [
56 silly reify   '/mnt/c/Users/Alli/dual-dash/web/node_modules/@rollup/rollup-freebsd-arm64'
56 silly reify ]
57 verbose reify failed optional dependency /mnt/c/Users/Alli/dual-dash/web/node_modules/@rollup/rollup-darwin-x64
58 silly reify mark deleted [
58 silly reify   '/mnt/c/Users/Alli/dual-dash/web/node_modules/@rollup/rollup-darwin-x64'
58 silly reify ]
59 verbose reify failed optional dependency /mnt/c/Users/Alli/dual-dash/web/node_modules/@rollup/rollup-darwin-arm64
60 silly reify mark deleted [
60 silly reify   '/mnt/c/Users/Alli/dual-dash/web/node_modules/@rollup/rollup-darwin-arm64'
60 silly reify ]
61 verbose reify failed optional dependency /mnt/c/Users/Alli/dual-dash/web/node_modules/@rollup/rollup-android-arm64
62 silly reify mark deleted [
62 silly reify   '/mnt/c/Users/Alli/dual-dash/web/node_modules/@rollup/rollup-android-arm64'
62 silly reify ]
63 verbose reify failed optional dependency /mnt/c/Users/Alli/dual-dash/web/node_modules/@rollup/rollup-android-arm-eabi
64 silly reify mark deleted [
64 silly reify   '/mnt/c/Users/Alli/dual-dash/web/node_modules/@rollup/rollup-android-arm-eabi'
64 silly reify ]
65 http fetch POST 200 https://registry.npmjs.org/-/npm/v1/security/advisories/bulk 277ms
66 silly audit report {
66 silly audit report   vite: [
66 silly audit report     {
66 silly audit report       id: 1116229,
66 silly audit report       url: 'https://github.com/advisories/GHSA-4w7w-66w2-5vf9',
66 silly audit report       title: 'Vite Vulnerable to Path Traversal in Optimized Deps `.map` Handling',
66 silly audit report       severity: 'moderate',
66 silly audit report       vulnerable_versions: '<=6.4.1',
66 silly audit report       cwe: [Array],
66 silly audit report       cvss: [Object]
66 silly audit report     }
66 silly audit report   ]
66 silly audit report }
67 silly packumentCache corgi:https://registry.npmjs.org/vite cache-miss
68 http cache https://registry.npmjs.org/vite 38ms (cache hit)
69 silly packumentCache corgi:https://registry.npmjs.org/vite set size:2229030 disposed:false
70 silly packumentCache corgi:https://registry.npmjs.org/@vitejs%2fplugin-react cache-miss
71 http cache https://registry.npmjs.org/@vitejs%2fplugin-react 20ms (cache hit)
72 silly packumentCache corgi:https://registry.npmjs.org/@vitejs%2fplugin-react set size:112470 disposed:false
73 silly ADD
74 silly ADD
75 silly ADD
76 silly ADD
77 silly ADD
78 silly ADD
79 silly ADD
80 silly ADD
81 silly ADD
82 silly ADD
83 silly ADD
84 silly ADD
85 silly ADD
86 silly ADD
87 silly ADD
88 silly ADD
89 silly ADD
90 silly ADD
91 silly ADD
92 silly ADD
93 silly ADD
94 silly ADD
95 silly ADD
96 silly ADD
97 verbose cwd /mnt/c/Users/Alli/dual-dash/web
98 verbose os Linux 6.6.87.2-microsoft-standard-WSL2
99 verbose node v22.21.0
100 verbose npm  v10.9.4
101 verbose exit 0
102 info ok
